[INFO  - 2018-07-23T22:14:33.992Z] GhostDriver - Main - running on port 7350
[INFO  - 2018-07-23T22:14:34.395Z] Session [c7a39c50-8ec5-11e8-b142-43b66d92a0fa] - page.settings - {"XSSAuditingEnabled":false,"javascriptCanCloseWindows":true,"javascriptCanOpenWindows":true,"javascriptEnabled":true,"loadImages":true,"localToRemoteUrlAccessEnabled":false,"userAgent":"Mozilla/5.0 (Windows NT 6.2; WOW64) AppleWebKit/538.1 (KHTML, like Gecko) PhantomJS/2.1.1 Safari/538.1","webSecurityEnabled":true}
[INFO  - 2018-07-23T22:14:34.396Z] Session [c7a39c50-8ec5-11e8-b142-43b66d92a0fa] - page.customHeaders:  - {}
[INFO  - 2018-07-23T22:14:34.398Z] Session [c7a39c50-8ec5-11e8-b142-43b66d92a0fa] - Session.negotiatedCapabilities - {"browserName":"phantomjs","version":"2.1.1","driverName":"ghostdriver","driverVersion":"1.2.0","platform":"windows-10-32bit","javascriptEnabled":true,"takesScreenshot":true,"handlesAlerts":false,"databaseEnabled":false,"locationContextEnabled":false,"applicationCacheEnabled":false,"browserConnectionEnabled":false,"cssSelectorsEnabled":true,"webStorageEnabled":false,"rotatable":false,"acceptSslCerts":false,"nativeEvents":true,"proxy":{"proxyType":"direct"}}
[INFO  - 2018-07-23T22:14:34.398Z] SessionManagerReqHand - _postNewSessionCommand - New Session Created: c7a39c50-8ec5-11e8-b142-43b66d92a0fa
[ERROR - 2018-07-23T22:14:38.236Z] Session [c7a39c50-8ec5-11e8-b142-43b66d92a0fa] - page.onError - msg: Sys.InvalidOperationException: Sys.InvalidOperationException: Handler was not added through the Sys.UI.DomEvent.addHandler method.
[ERROR - 2018-07-23T22:14:38.237Z] Session [c7a39c50-8ec5-11e8-b142-43b66d92a0fa] - page.onError - stack:
  (anonymous function) (http://www.cenace.gob.mx/ScriptResource.axd?d=X1HoTFHvRm4VBpr5A0PMEjzmWkAMhFdsunSZCROEFOZFrDMMN8yJUSLLrtNROApY2Ec6O7hBPVNsr_1uZQ_RcHaHsDN0gjwYpcYfM55qsn85zerVT6RsW66OFp-nlYOHFMHHaEyorOF7YVrX_6Iggw2&t=51e37521:5036)
  each (http://www.cenace.gob.mx/ScriptResource.axd?d=X1HoTFHvRm4VBpr5A0PMEjzmWkAMhFdsunSZCROEFOZFrDMMN8yJUSLLrtNROApY2Ec6O7hBPVNsr_1uZQ_RcHaHsDN0gjwYpcYfM55qsn85zerVT6RsW66OFp-nlYOHFMHHaEyorOF7YVrX_6Iggw2&t=51e37521:416)
  DomEvent$_removeHandler (http://www.cenace.gob.mx/ScriptResource.axd?d=X1HoTFHvRm4VBpr5A0PMEjzmWkAMhFdsunSZCROEFOZFrDMMN8yJUSLLrtNROApY2Ec6O7hBPVNsr_1uZQ_RcHaHsDN0gjwYpcYfM55qsn85zerVT6RsW66OFp-nlYOHFMHHaEyorOF7YVrX_6Iggw2&t=51e37521:5029)
  DomEvent$removeHandler (http://www.cenace.gob.mx/ScriptResource.axd?d=X1HoTFHvRm4VBpr5A0PMEjzmWkAMhFdsunSZCROEFOZFrDMMN8yJUSLLrtNROApY2Ec6O7hBPVNsr_1uZQ_RcHaHsDN0gjwYpcYfM55qsn85zerVT6RsW66OFp-nlYOHFMHHaEyorOF7YVrX_6Iggw2&t=51e37521:5026)
  _Application$dispose (http://www.cenace.gob.mx/ScriptResource.axd?d=X1HoTFHvRm4VBpr5A0PMEjzmWkAMhFdsunSZCROEFOZFrDMMN8yJUSLLrtNROApY2Ec6O7hBPVNsr_1uZQ_RcHaHsDN0gjwYpcYfM55qsn85zerVT6RsW66OFp-nlYOHFMHHaEyorOF7YVrX_6Iggw2&t=51e37521:5773)
  _Application$_unloadHandler (http://www.cenace.gob.mx/ScriptResource.axd?d=X1HoTFHvRm4VBpr5A0PMEjzmWkAMhFdsunSZCROEFOZFrDMMN8yJUSLLrtNROApY2Ec6O7hBPVNsr_1uZQ_RcHaHsDN0gjwYpcYfM55qsn85zerVT6RsW66OFp-nlYOHFMHHaEyorOF7YVrX_6Iggw2&t=51e37521:6003)
  (anonymous function) (http://www.cenace.gob.mx/ScriptResource.axd?d=X1HoTFHvRm4VBpr5A0PMEjzmWkAMhFdsunSZCROEFOZFrDMMN8yJUSLLrtNROApY2Ec6O7hBPVNsr_1uZQ_RcHaHsDN0gjwYpcYfM55qsn85zerVT6RsW66OFp-nlYOHFMHHaEyorOF7YVrX_6Iggw2&t=51e37521:628)
  browserHandler (http://www.cenace.gob.mx/ScriptResource.axd?d=X1HoTFHvRm4VBpr5A0PMEjzmWkAMhFdsunSZCROEFOZFrDMMN8yJUSLLrtNROApY2Ec6O7hBPVNsr_1uZQ_RcHaHsDN0gjwYpcYfM55qsn85zerVT6RsW66OFp-nlYOHFMHHaEyorOF7YVrX_6Iggw2&t=51e37521:4886)
[ERROR - 2018-07-23T22:14:38.238Z] Session [c7a39c50-8ec5-11e8-b142-43b66d92a0fa] - page.onError - msg: Sys.InvalidOperationException: Sys.InvalidOperationException: Handler was not added through the Sys.UI.DomEvent.addHandler method.
[ERROR - 2018-07-23T22:14:38.238Z] Session [c7a39c50-8ec5-11e8-b142-43b66d92a0fa] - page.onError - stack:
  (anonymous function) (http://www.cenace.gob.mx/ScriptResource.axd?d=X1HoTFHvRm4VBpr5A0PMEjzmWkAMhFdsunSZCROEFOZFrDMMN8yJUSLLrtNROApY2Ec6O7hBPVNsr_1uZQ_RcHaHsDN0gjwYpcYfM55qsn85zerVT6RsW66OFp-nlYOHFMHHaEyorOF7YVrX_6Iggw2&t=51e37521:5036)
  each (http://www.cenace.gob.mx/ScriptResource.axd?d=X1HoTFHvRm4VBpr5A0PMEjzmWkAMhFdsunSZCROEFOZFrDMMN8yJUSLLrtNROApY2Ec6O7hBPVNsr_1uZQ_RcHaHsDN0gjwYpcYfM55qsn85zerVT6RsW66OFp-nlYOHFMHHaEyorOF7YVrX_6Iggw2&t=51e37521:416)
  DomEvent$_removeHandler (http://www.cenace.gob.mx/ScriptResource.axd?d=X1HoTFHvRm4VBpr5A0PMEjzmWkAMhFdsunSZCROEFOZFrDMMN8yJUSLLrtNROApY2Ec6O7hBPVNsr_1uZQ_RcHaHsDN0gjwYpcYfM55qsn85zerVT6RsW66OFp-nlYOHFMHHaEyorOF7YVrX_6Iggw2&t=51e37521:5029)
  DomEvent$removeHandler (http://www.cenace.gob.mx/ScriptResource.axd?d=X1HoTFHvRm4VBpr5A0PMEjzmWkAMhFdsunSZCROEFOZFrDMMN8yJUSLLrtNROApY2Ec6O7hBPVNsr_1uZQ_RcHaHsDN0gjwYpcYfM55qsn85zerVT6RsW66OFp-nlYOHFMHHaEyorOF7YVrX_6Iggw2&t=51e37521:5026)
  PageRequestManager$dispose (http://www.cenace.gob.mx/ScriptResource.axd?d=BrfmoSRj1_SUxBxfEBGic0pcCTgOpV1Bgwk6kyn6FONjrFniDvAbqDfWheSVzfg0APzPnbK6PBisbgDhryZXtLXN1XiXrHFUz0IKH_4w3w9_R6PEYtkQyeluoTAZCux1QTN4aMMRWJP3ZpWrlOsq4w2&t=51e37521:813)
  PageRequestManager$_onWindowUnload (http://www.cenace.gob.mx/ScriptResource.axd?d=BrfmoSRj1_SUxBxfEBGic0pcCTgOpV1Bgwk6kyn6FONjrFniDvAbqDfWheSVzfg0APzPnbK6PBisbgDhryZXtLXN1XiXrHFUz0IKH_4w3w9_R6PEYtkQyeluoTAZCux1QTN4aMMRWJP3ZpWrlOsq4w2&t=51e37521:1486)
  (anonymous function) (http://www.cenace.gob.mx/ScriptResource.axd?d=X1HoTFHvRm4VBpr5A0PMEjzmWkAMhFdsunSZCROEFOZFrDMMN8yJUSLLrtNROApY2Ec6O7hBPVNsr_1uZQ_RcHaHsDN0gjwYpcYfM55qsn85zerVT6RsW66OFp-nlYOHFMHHaEyorOF7YVrX_6Iggw2&t=51e37521:628)
  browserHandler (http://www.cenace.gob.mx/ScriptResource.axd?d=X1HoTFHvRm4VBpr5A0PMEjzmWkAMhFdsunSZCROEFOZFrDMMN8yJUSLLrtNROApY2Ec6O7hBPVNsr_1uZQ_RcHaHsDN0gjwYpcYfM55qsn85zerVT6RsW66OFp-nlYOHFMHHaEyorOF7YVrX_6Iggw2&t=51e37521:4886)
